0100000001000010100000010010000100100110000000000000000000001000000000100001000000000000100000010000000000000010000010100000
0001000000001010000000000011000000000010001000000000110001000000000000000011001000000000100000001000000000101000001001000010000000100000010010010
0000000010000101100100000010011001000000000101010000100010000000000000100000000000010001010000001010000101001000000000000000000101000100
000000000001010000000111100001010100100100011010000100001100000000000000010001000010000000001000000100100000000000001001000100010010010100000
01110000010000000000000000000100000010000000000100000000000110010000000011001110000000100000000001010000110010110011010001000101000
000000000000000000000000011001001000000000000001000000011000000011000000010001000001010101000000000000000000000010000000001000011000100
0000010011000001000001000001000000000000001001100101000101010000100000000000000010010000100000000000000000001100000011010001001100000000100010011010
00000001000010011000000100001000000100000000001010000000000010000000001100000000000110001000000000000001000000000001000000000011001100
00000000001001000101000001000001011000010000000000000000000000000000000000001000000010000010000100100000000000000100000010000100000
0010001000001000010000000000000001100000010000000100010100010000100000000110000100011100100010000000000110000001000000000000
00100000001000010000000000100000000001000111010000110100000000100100010111100000000000101000000000000000010100110110000000100100010010000000
00001001000000001100101000000010000000000000000000010000000010100000000100001000000011000010000100000000011010000001001000000111000000000001000
0000100100010000010000001011000000000000000001000000000110000000000000000100000000100100001000010010000100100000000001000
001010001000000000000000001000000000100100110000100000000000000100001000000000000000100000000010000010001001000000000000000001000000000000100100000101
000000010000010010000111000000000001000000000000010000000000100000000000100100000001000000100000000000100001011000001010000000010100000010000000000100
0000000000000000000010000000000000010100110000101100000010000010001010000001100010000000000001100000000011000100000000100100010011010
0000110100000000001000001100000011000100000100100000001000000000000010100000000000000000000000000010000100000000100001100000001001000101000000000
100000000000000000000011000100001110000000000000001000000011000000010010000000110000000000000000000000000000000010100000110000000010101000
00000100001000000000000000000001000100010000000001000000000000000000000000001000000010000010000000101010000000001100000000
00100101100010010000000000000100000010000001001010000110110000000000000111000000000110000010100000000001010000010010100100001000001001000100001000
00010001000000100000000011100000010000000000101000000000001011001000010000100000010000100000000011000000010001001010000001000010100000000000101
000010000010000010001000001100000001001001001000000000100001000000100100010101010000000001110001110000001000000000000000000001000010100000000010
10100000100000010101000011000000000000011000000000100000000000001010010010000010100000000000000101000100101000000010010000000100010000
0010100100010000000010000100100000100010100100010000100000000010000000000010000001000000100000001101010000100000000100000011011000000000000000
00010010010101000100000000110010000000000010000011010000100100101000100010000000000010010000000010000000000000000011000000100
00001100000000000100010100001000001000000000001000001000001000001000010010000000000001111001000100000000010000100010010000000000
0010011001000000100000000000000010000000110000000010001001010000010000001001000000000000000000000100000001000000010000000001000001100000
001000000000001000100000010001000000010000010000000001000101000001100000001000001000000000000000000010000010000000000001000100000000001
0000001010000000001000000000010100011000000000011100000001010000000000000000101000010101000100001000110000010000100101000
00000001011000000010000000000000100000000000000000100000101010000000010000110100000001000001000001000000100000000000001010100
000000000000110000110000011110001000101001010000000000000000000000000000000001000110010000010101100000000001001000000001111000000010
0010000110000000000000111000000000100000000000000001000010000100000001001000000000010000001001010000100000100001000000100001100100000000101000
0000000000001000100100001100001000110010010000011001100000000001000000100000000000100000000001000001001000000000100000000001000000110000000010
010000010000001000000010101000101010010001000010000000100000000000010000000010100100000000010000000100000001001100000000001000001000001011000000000010
001000000000110000010001001000000010000000001000000010000000100000000010000101000000000000000000000000000011100000000000001000100000001000000000001000
000001000000100010100000000000000000000010000000000110000000100001100000011000000001000000010000000000000110000000010000000000010000000001000110
1000001000000000101001000001000011000001101000000000000100000001000010000001000000000000000000000010000100110001000111001000000010010
10110000100000001010000000010000000000000000000000100000001000000100100011000000001100000100000100000100000100001000010100000001000000000000
0000110000000000000000000000000000010010000011000000100000000000100000110000001010000000000010010010000100000000000000000000000
000000010000000000000110001000001000000000001100000100010000100001000101010000010000000000000000000000001001010001010000000001000
0000000100100000100100100000101000000000000000001100011000100001000000011101000000100000000000110001000100000100000000000010000100100000100
10010100000110010011000000000000000000001100001100000001011000001000000000000000100100000000101001000110000000000000000001010001100000000000
00000000011000000011010000001000010000000000000000000001000000000000000000001010010100010000100000110000001000000000100000
01000001000000001000000000001000001100000000011010001000000000001010100000011000000000100000000000010000100101011000101100000001010100010001000000001
100000000000000000011000100000010000000000000000100100010100000000000010000000110000000000100100000101001000000001001000000000000000010000000101100100
000001100001000010000000000010000110000100000100001000000000010000000000110010000000000111000000010100000000100000000110000100000000100
0010000010000000011000000000000010000100010000000000000000000010100000000010001010000000000100001000000001100000100100000010000
00001000000010000000000100000000000000000001000001000101010010010101100000000000000101001001000000000100010000010011000000010001000
000100000000000010011000110010011000101000000100000000000000000101000001000011011000001001010000011100010000100100110000000101010000001100001010000
00011010001100000000000010000100000110010000000000001100000100010000000010000000000101010010001011000001100001000100000001
