001101111
101000101
1101010100
0100001010
010010100
1010011010
100011000
011100001
000000010
001000110
000011000
110010000
1001100010
100100101
0100010010
1000000101
100000000
0000011110
0110110110
010101010
110000101
1000011110
000001100
001001000
011000100
0110110111
101111101
100000000
001001000
000011001
1011100100
0000100011
101001010
000010100
111100001
0000100100
010010001
000000000
1000111000
010000110
0110010110
100000001
101010000
0111000001
1100100101
111001100
000100000
0000010010
000010110
1110110100
