000000010000110010000000010011001111000110000000000011100100000000100100000000000100101
10000100000000001001000000001011010000010000100000000000100000000000011001000001110000111011
000000000010001000000000000000000000101000000001110100000100010110001000000000000011
011010010000100001000000000100000100100000000000000000001000100001000010001001010
00100000000110000000000010010000010000100000000100000010000101000100010010101000000110001000001101
00010000000001000000100000100000001010000001100100000010100110001010000001001011110
1001001011100100010000001001110010000001000001000110000110000000000000000100000001
00011100100000000011100011110000100000100001011001101100000100000000001010000000000000010
10001000000000000010100100100010000000010001001000100000010100100000001001000100010000
0000000111011000001010000000000101000010000111011001110100010010000000000000011000010001000
0000010000000001010110000000001000100010010100000001000101000000000100001011010001100000
1001110010001100101000000000010000001001000000011100100010101000000010011101101001000
010010000000110110000100001100000101001010001000100100010100000000000010000000000100
110110000010000000000010000110000010000000000100000000000000000000000000100100000000000
1000000010000010000110000000000110000000000010100000110101000000000000000000001000
000100000000110000001001110010000101001100000001000000110000000011010000010110000000001
100000000010000100000000010011000000010000000100000000000011000000010000001001011000
0001000000100000001000010011000010001100010000000000100000000100110100110000001010101000000101
011001110011100000000001111000100000011000000000000010000100000010101101010100010001
100100000010000000000100100100001000010000001010100011000000000010000100010010010
000010000000000000000101101000000100100000111000100101000001001100000100000100000000
1110000001010100000000000000000011100110001000000100011100000000000100001001011010110001000100010
1001100001001000001000110010101010001000000000000000000000100000000100010000000001010101100000010
000000000000001100000000010011010000010000001100000000110000000010110001000100110000000000100000010
10111000000100011100001001000000000000000001010010000000000000010100000000001000000000010000000000
00101000000001101000100000100100100010001010000000100100000100100001000110001000100010010
0001100000100000000000000000001000001011100100000000001001010000000000000000000000
00100001000110000001000011000000000000100000000000100100000000000010010000000101000011000110001000
01000100010000000000100000000110100001000110010000001011001001001001011011000110001100001001001010
00000000100010010000011000100000100010001100010001000000100010001000000000010000010011000000000
000011000000010100000000000010010100000000000100001100001100000001001010001000001001000000100001
000000000000000100001000010010000000000001000000000001000000000001100010010101010001
010000100010100000110100010000001000001011100010011000000100000000000000000000000
011100000000000000000000010101010010100000000001010010000000000010000000010000100100010
100000000010000010000011100000100000000000000001110000001111010000000001000000000001
0000010100101100000001100100100001001010001000010110001000000000000000000001001100011111
0000000100110101000010010001000000000000000100101100000000000000000000000011001000010000
1000100000000000000000000010100100000100000011000000001000001000000001001001000010000010000
0011000000000001000001000000010100000011000100000001000100001000100000000001001100000
0000001001001100000000000100001000000010000000010000100101000000101000100011100000001000100011010000
000000100000000000100000000000001000010000000010100000001000110100000010000000000001
0101000000000111000100000010000100110100000001001000000000010000100111000000010100001000001001000
00001010011100001001000001010000011000100000000000100010000000100010100000111011010011000
00000000011000000100000110010000010010010000000000000000100000000101010000001001001
0000100001000010000110100010000010000000100000000000101000000010000001001001000010001010001
01000000010000000000000011000010100101001000000010010101000010000000101100000100000
110000000100000010001000101100010000100100000100000001000000100010000000001000000100000110000000000
0001010000000111000001010000000000100000000000010100100010001010000011010011110111100
00000110000001001001000000001000000100011000000001001000100010011000000000000001011010
00100101000011001001000000000000010010001000000010000110010000000011000000001000000100000000010
