1010011100100001100001111
100100000010110000110011101101
1011001011001110001110100
01011001110111000111000101
01000110110010110011101010100
11100110111101101110000001
110101001010011101011100100
000001001110011101101000000100
110001011100011111100110101101
11100100110000101011010000
000101011100101100001001100
010100000110001001001010110010
001000101000000000101101001101
01100110011100000101111000
00110000000100000110000101
10110001010000101011011001
001100100100001101010010001010
01001100110001100101101100
010001111010001101101000010101
0111000111110010001110110
0000001100110101100011100
0110101010100101000101010
11111101110011100101001101
11110111101100100011101110
1000001000100010010011000
1001110001000010111010010110
0111111000010110000000100100
11101110110100110011000000100
0001001111010110100011101001
1001001111110001101010010
0000000100011111101011100
101000100111100010111000101001
11001000100101110110001010110
110001100000011000101011110001
00001000011100000111011000
000011111000100001001111110001
001110000011010011000010101011
011100100110000010000100000011
111000100100110101100000011
101010000010100000001001010111
01111010101010110000001111101
1111010111110011110110100001
0011100011001101110011011111
111011010110001100010100100
00001101110101010111010100
110100001000011001100111100
0101000001011001111100110000
00101011100010101000001001
1111000011101110101010011
01000011000111011100011100
