11000100001000100111
00000001111111001
01100100000101100
011111000110100101
0100101010011111011
1100110100100001000
001011010011111001
00001000100001111
100000110001011111
110111001101000000
10101010110101011001
10101001010001111
00111110101000101
00101010000001100100
000011000010011100
10100010000111110001
00010110011010000
11001100010000001011
111000000100110110
0110000001100010011
00100100000010101
00001010101100101
00101000110101010
10101110010010001
00100101100010000011
10001111010001000
010010011001010001
111100001110010010
01000100101000110
101001111001000000
110101100100100111
001010100000000011
1010001000010100100
1101100001001011011
00001001110100011100
11000010011100001
11100011101100001
101110100000111010
0100110110011001011
00001100111000111
011111100111001010
100000111001101100
11010010011000110
011100000101011110
01100110000001110
0001001001000010001
00000110110000100
01010011100111001
10011101100100110111
11000001001001111000
